<?xml version="1.0" encoding="UTF-8"?>
<!-- Generated by org.testng.reporters.JUnitReportReporter -->
<testsuite hostname="MADEM" failures="0" tests="1" name="Test.AutomationFramework.ashok.TestNg" time="0.010" errors="0" timestamp="2022-02-10T21:17:50 IST" skipped="0">
  <testcase classname="Test.AutomationFramework.ashok.TestNg" name="m1" time="0.010"/>
  <system-out/>
</testsuite> <!-- Test.AutomationFramework.ashok.TestNg -->
