<?xml version="1.0" encoding="UTF-8"?>
<!-- Generated by org.testng.reporters.JUnitReportReporter -->
<testsuite hostname="MADEM" failures="0" tests="2" name="com.automationframework.javascriptexecutor.test" time="3.892" errors="0" timestamp="2022-02-15T09:28:00 IST" skipped="0">
  <testcase classname="com.automationframework.javascriptexecutor.test" name="setUP" time="3.210"/>
  <system-out/>
  <testcase classname="com.automationframework.javascriptexecutor.test" name="login" time="0.682"/>
  <system-out/>
</testsuite> <!-- com.automationframework.javascriptexecutor.test -->
