<?xml version="1.0" encoding="UTF-8"?>
<!-- Generated by org.testng.reporters.JUnitReportReporter -->
<testsuite hostname="MADEM" failures="0" tests="1" name="Test.AutomationFramework.Testngconcepts.OrangeHRMDemo" time="15.888" errors="0" timestamp="2022-02-11T09:43:24 IST" skipped="0">
  <testcase classname="Test.AutomationFramework.Testngconcepts.OrangeHRMDemo" name="orangeHRMLogin" time="15.888"/>
  <system-out/>
</testsuite> <!-- Test.AutomationFramework.Testngconcepts.OrangeHRMDemo -->
