<?xml version="1.0" encoding="UTF-8"?>
<!-- Generated by org.testng.reporters.JUnitReportReporter -->
<testsuite hostname="MADEM" failures="0" tests="2" name="com.automationframework.javascriptexecutor.TestDemo2" time="3.198" errors="0" timestamp="2022-02-15T09:43:22 IST" skipped="0">
  <testcase classname="com.automationframework.javascriptexecutor.TestDemo2" name="setUP" time="3.160"/>
  <system-out/>
  <testcase classname="com.automationframework.javascriptexecutor.TestDemo2" name="scrollMethod" time="0.038"/>
  <system-out/>
</testsuite> <!-- com.automationframework.javascriptexecutor.TestDemo2 -->
