<?xml version="1.0" encoding="UTF-8"?>
<!-- Generated by org.testng.reporters.JUnitReportReporter -->
<testsuite hostname="MADEM" failures="0" tests="3" name="Test.AutomationFramework.Testngconcepts.TestNGDemo2" time="0.016" errors="0" timestamp="2022-02-11T09:17:27 IST" skipped="1">
  <testcase classname="Test.AutomationFramework.Testngconcepts.TestNGDemo2" name="m1" time="0.015"/>
  <system-out/>
  <testcase classname="Test.AutomationFramework.Testngconcepts.TestNGDemo2" name="m3" time="0.001"/>
  <system-out/>
  <testcase classname="Test.AutomationFramework.Testngconcepts.TestNGDemo2" name="m2">
    <skipped/>
  </testcase> <!-- m2 -->
  <system-out/>
</testsuite> <!-- Test.AutomationFramework.Testngconcepts.TestNGDemo2 -->
