<?xml version="1.0" encoding="UTF-8"?>
<!-- Generated by org.testng.reporters.JUnitReportReporter -->
<testsuite hostname="MADEM" failures="0" tests="5" name="Test.AutomationFramework.Testngconcepts.TestNGDemo" time="0.017" errors="0" timestamp="2022-02-11T09:24:02 IST" skipped="0">
  <testcase classname="Test.AutomationFramework.Testngconcepts.TestNGDemo" name="m3" time="0.010"/>
  <system-out/>
  <testcase classname="Test.AutomationFramework.Testngconcepts.TestNGDemo" name="m4" time="0.002"/>
  <system-out/>
  <testcase classname="Test.AutomationFramework.Testngconcepts.TestNGDemo" name="m5" time="0.001"/>
  <system-out/>
  <testcase classname="Test.AutomationFramework.Testngconcepts.TestNGDemo" name="m1" time="0.002"/>
  <system-out/>
  <testcase classname="Test.AutomationFramework.Testngconcepts.TestNGDemo" name="m2" time="0.002"/>
  <system-out/>
</testsuite> <!-- Test.AutomationFramework.Testngconcepts.TestNGDemo -->
