<?xml version="1.0" encoding="UTF-8"?>
<!-- Generated by org.testng.reporters.JUnitReportReporter -->
<testsuite hostname="MADEM" failures="0" tests="10" name="Test.AutomationFramework.Testngconcepts.TestNGonInvocationCount" time="0.023" errors="0" timestamp="2022-02-11T09:47:24 IST" skipped="0">
  <testcase classname="Test.AutomationFramework.Testngconcepts.TestNGonInvocationCount" name="m1" time="0.001"/>
  <system-out/>
  <testcase classname="Test.AutomationFramework.Testngconcepts.TestNGonInvocationCount" name="m1" time="0.001"/>
  <system-out/>
  <testcase classname="Test.AutomationFramework.Testngconcepts.TestNGonInvocationCount" name="m1" time="0.010"/>
  <system-out/>
  <testcase classname="Test.AutomationFramework.Testngconcepts.TestNGonInvocationCount" name="m1" time="0.002"/>
  <system-out/>
  <testcase classname="Test.AutomationFramework.Testngconcepts.TestNGonInvocationCount" name="m1" time="0.002"/>
  <system-out/>
  <testcase classname="Test.AutomationFramework.Testngconcepts.TestNGonInvocationCount" name="m1" time="0.002"/>
  <system-out/>
  <testcase classname="Test.AutomationFramework.Testngconcepts.TestNGonInvocationCount" name="m1" time="0.001"/>
  <system-out/>
  <testcase classname="Test.AutomationFramework.Testngconcepts.TestNGonInvocationCount" name="m1" time="0.002"/>
  <system-out/>
  <testcase classname="Test.AutomationFramework.Testngconcepts.TestNGonInvocationCount" name="m1" time="0.001"/>
  <system-out/>
  <testcase classname="Test.AutomationFramework.Testngconcepts.TestNGonInvocationCount" name="m1" time="0.001"/>
  <system-out/>
</testsuite> <!-- Test.AutomationFramework.Testngconcepts.TestNGonInvocationCount -->
