<?xml version="1.0" encoding="UTF-8"?>
<!-- Generated by org.testng.reporters.JUnitReportReporter -->
<testsuite hostname="MADEM" failures="0" tests="2" name="Test.AutomationFramework.Testngconcepts.OrangeHRMPractice" time="9.817" errors="0" timestamp="2022-02-14T19:36:50 IST" skipped="0">
  <testcase classname="Test.AutomationFramework.Testngconcepts.OrangeHRMPractice" name="searchLocation" time="5.148"/>
  <system-out/>
  <testcase classname="Test.AutomationFramework.Testngconcepts.OrangeHRMPractice" name="orangeHRMLogin" time="4.669"/>
  <system-out/>
</testsuite> <!-- Test.AutomationFramework.Testngconcepts.OrangeHRMPractice -->
