<?xml version="1.0" encoding="UTF-8"?>
<!-- Generated by org.testng.reporters.JUnitReportReporter -->
<testsuite hostname="MADEM" failures="0" tests="2" name="com.automationframework.javascriptexecutor.TestDemo" time="5.918" errors="0" timestamp="2022-02-15T09:34:06 IST" skipped="0">
  <testcase classname="com.automationframework.javascriptexecutor.TestDemo" name="setUP" time="5.176"/>
  <system-out/>
  <testcase classname="com.automationframework.javascriptexecutor.TestDemo" name="login" time="0.742"/>
  <system-out/>
</testsuite> <!-- com.automationframework.javascriptexecutor.TestDemo -->
